Traceback (most recent call last):
  File "/share/PI/rondror/software/miniconda/bin/jupyter-notebook", line 4, in <module>
    from notebook.notebookapp import main
  File "/share/PI/rondror/software/miniconda/lib/python2.7/site-packages/notebook/notebookapp.py", line 32, in <module>
    from zmq.eventloop import ioloop
  File "/share/PI/rondror/software/miniconda/lib/python2.7/site-packages/zmq/__init__.py", line 66, in <module>
    from zmq import backend
  File "/share/PI/rondror/software/miniconda/lib/python2.7/site-packages/zmq/backend/__init__.py", line 40, in <module>
    reraise(*exc_info)
  File "/share/PI/rondror/software/miniconda/lib/python2.7/site-packages/zmq/backend/__init__.py", line 27, in <module>
    _ns = select_backend(first)
  File "/share/PI/rondror/software/miniconda/lib/python2.7/site-packages/zmq/backend/select.py", line 27, in select_backend
    mod = __import__(name, fromlist=public_api)
  File "/share/PI/rondror/software/miniconda/lib/python2.7/site-packages/zmq/backend/cython/__init__.py", line 6, in <module>
    from . import (constants, error, message, context,
ImportError: /lib64/libc.so.6: version `GLIBC_2.14' not found (required by /share/PI/rondror/software/glibc-2.14_glibcxx-3.4/libstdc++.so.6)
[I 21:04:10.210 NotebookApp] Serving notebooks from local directory: /scratch/PI/rondror/akma327/MetaStocks/metastocks/src
[I 21:04:10.227 NotebookApp] 0 active kernels 
[I 21:04:10.227 NotebookApp] The IPython Notebook is running at: http://localhost:7000/
[I 21:04:10.227 NotebookApp] Use Control-C to stop this server and shut down all kernels (twice to skip confirmation).
[I 21:05:00.783 NotebookApp] 302 GET / (127.0.0.1) 0.78ms
Traceback (most recent call last):
  File "/share/PI/rondror/software/miniconda/bin/jupyter-notebook", line 4, in <module>
    from notebook.notebookapp import main
  File "/share/PI/rondror/software/miniconda/lib/python2.7/site-packages/notebook/notebookapp.py", line 32, in <module>
    from zmq.eventloop import ioloop
  File "/share/PI/rondror/software/miniconda/lib/python2.7/site-packages/zmq/__init__.py", line 66, in <module>
    from zmq import backend
  File "/share/PI/rondror/software/miniconda/lib/python2.7/site-packages/zmq/backend/__init__.py", line 40, in <module>
    reraise(*exc_info)
  File "/share/PI/rondror/software/miniconda/lib/python2.7/site-packages/zmq/backend/__init__.py", line 27, in <module>
    _ns = select_backend(first)
  File "/share/PI/rondror/software/miniconda/lib/python2.7/site-packages/zmq/backend/select.py", line 27, in select_backend
    mod = __import__(name, fromlist=public_api)
  File "/share/PI/rondror/software/miniconda/lib/python2.7/site-packages/zmq/backend/cython/__init__.py", line 6, in <module>
    from . import (constants, error, message, context,
ImportError: /lib64/libc.so.6: version `GLIBC_2.14' not found (required by /share/PI/rondror/software/glibc-2.14_glibcxx-3.4/libstdc++.so.6)
[I 21:09:59.686 NotebookApp] Creating new file in 
[I 21:10:26.932 NotebookApp] Creating new notebook in 
[I 21:10:28.645 NotebookApp] Kernel started: d53e6a83-2c76-49ea-b35a-879abd3acf71
[I 21:12:28.614 NotebookApp] Saving file at /Untitled1.ipynb
[I 21:14:28.641 NotebookApp] Saving file at /Untitled1.ipynb
[I 21:14:35.367 NotebookApp] Saving file at /Untitled1.ipynb
[I 21:14:44.440 NotebookApp] Saving file at /Untitled1.ipynb
[I 21:16:28.557 NotebookApp] Saving file at /Untitled1.ipynb
[I 21:19:56.074 NotebookApp] Kernel interrupted: d53e6a83-2c76-49ea-b35a-879abd3acf71
[I 21:20:28.603 NotebookApp] Saving file at /Untitled1.ipynb
[I 21:22:28.545 NotebookApp] Saving file at /Untitled1.ipynb
[I 21:22:57.566 NotebookApp] Saving file at /Untitled1.ipynb
[I 21:22:59.189 NotebookApp] Saving file at /Untitled1.ipynb
[I 21:24:28.500 NotebookApp] Saving file at /Untitled1.ipynb
[I 21:25:44.670 NotebookApp] Saving file at /Untitled1.ipynb
[I 21:28:28.542 NotebookApp] Saving file at /Untitled1.ipynb
[I 21:30:22.237 NotebookApp] Saving file at /Untitled1.ipynb
[I 21:30:28.497 NotebookApp] Saving file at /Untitled1.ipynb
[I 21:30:43.474 NotebookApp] Saving file at /Untitled1.ipynb
[I 21:32:28.514 NotebookApp] Saving file at /Untitled1.ipynb
[I 21:34:29.149 NotebookApp] Saving file at /Untitled1.ipynb
[I 21:36:28.551 NotebookApp] Saving file at /Untitled1.ipynb
[I 21:38:28.482 NotebookApp] Saving file at /Untitled1.ipynb
[I 21:39:17.150 NotebookApp] Saving file at /Untitled1.ipynb
[I 21:39:38.685 NotebookApp] Kernel shutdown: d53e6a83-2c76-49ea-b35a-879abd3acf71
[I 21:39:44.614 NotebookApp] Kernel started: c9e7ac12-9a14-4fa2-8a48-af0d836778c6
[I 21:41:44.657 NotebookApp] Saving file at /Untitled1.ipynb
[I 21:43:18.797 NotebookApp] Saving file at /Untitled1.ipynb
[I 21:43:32.777 NotebookApp] Saving file at /Untitled1.ipynb
[I 21:43:44.658 NotebookApp] Saving file at /Untitled1.ipynb
[I 21:45:44.639 NotebookApp] Saving file at /Untitled1.ipynb
[I 21:47:44.639 NotebookApp] Saving file at /Untitled1.ipynb
[I 21:48:48.311 NotebookApp] Saving file at /Untitled1.ipynb
[I 21:49:44.669 NotebookApp] Saving file at /Untitled1.ipynb
[I 21:51:44.685 NotebookApp] Saving file at /Untitled1.ipynb
[I 21:53:44.661 NotebookApp] Saving file at /Untitled1.ipynb
[I 21:59:45.165 NotebookApp] Saving file at /Untitled1.ipynb
[I 22:01:44.657 NotebookApp] Saving file at /Untitled1.ipynb
[I 22:03:02.212 NotebookApp] Saving file at /Untitled1.ipynb
[I 22:03:44.644 NotebookApp] Saving file at /Untitled1.ipynb
[I 22:04:18.779 NotebookApp] Saving file at /Untitled1.ipynb
[I 22:05:44.652 NotebookApp] Saving file at /Untitled1.ipynb
[I 22:09:44.700 NotebookApp] Saving file at /Untitled1.ipynb
[I 22:11:44.679 NotebookApp] Saving file at /Untitled1.ipynb
[I 22:13:44.742 NotebookApp] Saving file at /Untitled1.ipynb
[I 22:14:25.900 NotebookApp] Saving file at /Untitled1.ipynb
[I 22:15:44.722 NotebookApp] Saving file at /Untitled1.ipynb
[I 22:39:44.758 NotebookApp] Saving file at /Untitled1.ipynb
[I 22:41:44.707 NotebookApp] Saving file at /Untitled1.ipynb
[I 22:43:44.546 NotebookApp] Saving file at /Untitled1.ipynb
[I 22:45:44.528 NotebookApp] Saving file at /Untitled1.ipynb
[I 22:47:44.540 NotebookApp] Saving file at /Untitled1.ipynb
[I 22:49:45.017 NotebookApp] Saving file at /Untitled1.ipynb
[I 22:51:44.609 NotebookApp] Saving file at /Untitled1.ipynb
[I 22:53:44.545 NotebookApp] Saving file at /Untitled1.ipynb
[I 22:54:01.848 NotebookApp] Saving file at /Untitled1.ipynb
[I 22:59:44.714 NotebookApp] Saving file at /Untitled1.ipynb
[I 23:01:44.870 NotebookApp] Saving file at /Untitled1.ipynb
[I 23:03:44.724 NotebookApp] Saving file at /Untitled1.ipynb
[I 23:05:44.511 NotebookApp] Saving file at /Untitled1.ipynb
[I 23:07:05.068 NotebookApp] Saving file at /Untitled1.ipynb
[I 23:11:44.518 NotebookApp] Saving file at /Untitled1.ipynb
[I 23:13:44.610 NotebookApp] Saving file at /Untitled1.ipynb
[I 23:15:44.547 NotebookApp] Saving file at /Untitled1.ipynb
[I 23:16:14.749 NotebookApp] Saving file at /Untitled1.ipynb
[I 23:17:44.511 NotebookApp] Saving file at /Untitled1.ipynb
[I 23:17:51.153 NotebookApp] Saving file at /Untitled1.ipynb
[I 23:20:13.264 NotebookApp] Saving file at /Untitled1.ipynb
[I 23:21:44.521 NotebookApp] Saving file at /Untitled1.ipynb
[I 23:24:50.554 NotebookApp] Saving file at /Untitled1.ipynb
[I 23:27:28.590 NotebookApp] Saving file at /Untitled1.ipynb
[I 23:27:44.607 NotebookApp] Saving file at /Untitled1.ipynb
[I 23:27:58.460 NotebookApp] Saving file at /Untitled1.ipynb
[I 23:28:03.392 NotebookApp] Saving file at /Untitled1.ipynb
[I 23:29:45.005 NotebookApp] Saving file at /Untitled1.ipynb
[I 23:31:44.968 NotebookApp] Saving file at /Untitled1.ipynb
[I 23:33:44.931 NotebookApp] Saving file at /Untitled1.ipynb
[I 23:34:05.895 NotebookApp] Saving file at /Untitled1.ipynb
[I 23:35:44.647 NotebookApp] Saving file at /Untitled1.ipynb
[I 23:36:48.560 NotebookApp] Saving file at /Untitled1.ipynb
[I 23:37:44.480 NotebookApp] Saving file at /Untitled1.ipynb
[I 23:38:00.193 NotebookApp] Saving file at /Untitled1.ipynb
[I 23:38:03.987 NotebookApp] Saving file at /Untitled1.ipynb
[I 23:38:35.088 NotebookApp] Saving file at /Untitled1.ipynb
[I 23:39:44.504 NotebookApp] Saving file at /Untitled1.ipynb
[I 23:41:44.467 NotebookApp] Saving file at /Untitled1.ipynb
[I 23:43:44.477 NotebookApp] Saving file at /Untitled1.ipynb
[I 23:45:45.774 NotebookApp] Saving file at /Untitled1.ipynb
[I 23:47:47.420 NotebookApp] Saving file at /Untitled1.ipynb
[I 23:49:44.691 NotebookApp] Saving file at /Untitled1.ipynb
[I 23:51:47.980 NotebookApp] Saving file at /Untitled1.ipynb
[I 23:53:44.529 NotebookApp] Saving file at /Untitled1.ipynb
[I 23:55:09.288 NotebookApp] Saving file at /Untitled1.ipynb
[I 00:10:23.767 NotebookApp] Saving file at /Untitled1.ipynb
[I 00:10:56.549 NotebookApp] Saving file at /Untitled1.ipynb
[I 00:10:59.693 NotebookApp] Saving file at /Untitled1.ipynb
[I 00:12:22.857 NotebookApp] Saving file at /Untitled1.ipynb
[I 00:20:22.211 NotebookApp] Saving file at /Untitled1.ipynb
[I 00:20:30.475 NotebookApp] Saving file at /Untitled1.ipynb
[I 00:20:47.067 NotebookApp] Saving file at /Untitled1.ipynb
[I 00:21:05.740 NotebookApp] Saving file at /Untitled1.ipynb
[I 00:21:07.394 NotebookApp] Saving file at /Untitled1.ipynb
[I 00:21:48.343 NotebookApp] Saving file at /Untitled1.ipynb
[I 00:22:22.007 NotebookApp] Saving file at /Untitled1.ipynb
[I 00:23:04.220 NotebookApp] Saving file at /Untitled1.ipynb
[I 00:24:35.520 NotebookApp] Saving file at /Untitled1.ipynb
[I 00:26:22.019 NotebookApp] Saving file at /Untitled1.ipynb
[I 00:26:40.726 NotebookApp] Saving file at /Untitled1.ipynb
[I 00:27:00.987 NotebookApp] Saving file at /Untitled1.ipynb
[I 00:27:06.678 NotebookApp] Saving file at /Untitled1.ipynb
[I 00:27:26.203 NotebookApp] Saving file at /Untitled1.ipynb
[I 00:28:21.949 NotebookApp] Saving file at /Untitled1.ipynb
[I 00:30:21.985 NotebookApp] Saving file at /Untitled1.ipynb
[I 00:31:44.577 NotebookApp] Saving file at /Untitled1.ipynb
[I 00:34:21.989 NotebookApp] Saving file at /Untitled1.ipynb
[I 00:36:21.957 NotebookApp] Saving file at /Untitled1.ipynb
[I 00:38:21.959 NotebookApp] Saving file at /Untitled1.ipynb
[I 00:40:21.973 NotebookApp] Saving file at /Untitled1.ipynb
[I 00:42:21.955 NotebookApp] Saving file at /Untitled1.ipynb
[I 00:44:21.994 NotebookApp] Saving file at /Untitled1.ipynb
[I 00:54:21.987 NotebookApp] Saving file at /Untitled1.ipynb
[I 00:55:20.476 NotebookApp] Saving file at /Untitled1.ipynb
[I 00:57:07.372 NotebookApp] Saving file at /Untitled1.ipynb
[I 00:57:10.718 NotebookApp] Saving file at /Untitled1.ipynb
[I 00:57:26.179 NotebookApp] Saving file at /Untitled1.ipynb
[I 00:57:32.997 NotebookApp] Saving file at /Untitled1.ipynb
[I 00:59:14.141 NotebookApp] Saving file at /Untitled1.ipynb
[I 01:00:21.908 NotebookApp] Saving file at /Untitled1.ipynb
[I 01:02:21.900 NotebookApp] Saving file at /Untitled1.ipynb
